<?xml version="1.0" encoding="UTF-8"?>
<!-- Generated by org.testng.reporters.JUnitReportReporter -->
<testsuite skipped="0" hostname="EC2AMAZ-J5GP1U8" name="task1.AmazonProject" tests="1" failures="0" timestamp="2021-03-30T16:31:12 UTC" time="0.196" errors="0">
  <testcase name="verifyTitleOfHomePage" time="0.196" classname="task1.AmazonProject"/>
  <system-out/>
</testsuite> <!-- task1.AmazonProject -->
